<?xml version="1.0" encoding="UTF-8"?>
<!-- Generated by org.testng.reporters.JUnitXMLReporter -->
<testsuite ignored="0" hostname="SaiNadh" failures="0" tests="5" name="Default test" time="30.255" errors="0" timestamp="2026-01-09T18:38:13 IST">
  <testcase classname="com.testNG.hybrid.automation.framework.testscripts.RegisterTest" name="registration" time="3.951"/>
  <testcase classname="com.testNG.hybrid.automation.framework.testscripts.RegisterTest" name="registration" time="4.289"/>
  <testcase classname="com.testNG.hybrid.automation.framework.testscripts.RegisterTest" name="registration" time="4.003"/>
  <testcase classname="com.testNG.hybrid.automation.framework.testscripts.RegisterTest" name="registration" time="4.253"/>
  <testcase classname="com.testNG.hybrid.automation.framework.testscripts.RegisterTest" name="registration" time="6.909"/>
</testsuite> <!-- Default test -->
