<?xml version="1.0" encoding="UTF-8"?>
<!-- Generated by org.testng.reporters.JUnitXMLReporter -->
<testsuite ignored="4" hostname="SaiNadh" failures="0" tests="14" name="Test" time="62.138" errors="0" timestamp="2026-01-09T18:40:12 IST">
  <testcase classname="com.testNG.hybrid.automation.framework.testscripts.LoginTest" name="loginWithValidCredentials" time="2.748"/>
  <testcase classname="com.testNG.hybrid.automation.framework.testscripts.LoginTest" name="loginWithValidCredentialsUsingExcel" time="4.554"/>
  <testcase classname="com.testNG.hybrid.automation.framework.testscripts.LoginTest" name="invalidCredentials" time="1.843"/>
  <testcase classname="com.testNG.hybrid.automation.framework.testscripts.LoginTest" name="invalidCredentials" time="1.988"/>
  <testcase classname="com.testNG.hybrid.automation.framework.testscripts.LoginTest" name="invalidCredentials" time="1.643"/>
  <testcase classname="com.testNG.hybrid.automation.framework.testscripts.LoginTest" name="invalidCredentials" time="2.03"/>
  <testcase classname="com.testNG.hybrid.automation.framework.testscripts.LoginTest" name="invalidCredentials" time="2.44"/>
  <testcase classname="com.testNG.hybrid.automation.framework.testscripts.LoginTest" name="invalidCredentials" time="2.039"/>
  <testcase classname="com.testNG.hybrid.automation.framework.testscripts.LoginTest" name="invalidCredentials" time="2.354"/>
  <testcase classname="com.testNG.hybrid.automation.framework.testscripts.RegisterTest" name="registration" time="11.007"/>
  <testcase classname="com.testNG.hybrid.automation.framework.testscripts.RegisterTest" name="registration" time="3.516"/>
  <testcase classname="com.testNG.hybrid.automation.framework.testscripts.RegisterTest" name="registration" time="4.203"/>
  <testcase classname="com.testNG.hybrid.automation.framework.testscripts.RegisterTest" name="registration" time="7.467"/>
  <testcase classname="com.testNG.hybrid.automation.framework.testscripts.RegisterTest" name="registration" time="3.304"/>
  <testcase classname="com.testNG.hybrid.automation.framework.testscripts.InterviewTest" name="LoginTest" time="0.0">
    <ignored/>
  </testcase> <!-- LoginTest -->
  <testcase classname="com.testNG.hybrid.automation.framework.testscripts.InterviewTest" name="demo" time="0.0">
    <ignored/>
  </testcase> <!-- demo -->
  <testcase classname="com.testNG.hybrid.automation.framework.testscripts.LoginTest" name="validLoginWIthDataProvider" time="0.0">
    <ignored/>
  </testcase> <!-- validLoginWIthDataProvider -->
  <testcase classname="com.testNG.hybrid.automation.framework.testscripts.StaleElementTest" name="login" time="0.0">
    <ignored/>
  </testcase> <!-- login -->
</testsuite> <!-- Test -->
