<?xml version="1.0" encoding="UTF-8"?>
<testng-results ignored="0" total="23" passed="18" failed="5" skipped="0">
  <reporter-output>
  </reporter-output>
  <suite started-at="2026-01-05T19:16:05 IST" name="Default suite" finished-at="2026-01-05T19:19:30 IST" duration-ms="204203">
    <groups>
      <group name="practice">
        <method signature="InterviewTest.LoginTest()[pri:0, instance:com.testNG.hybrid.automation.framework.testscripts.InterviewTest@6a2f6f80]" name="LoginTest" class="com.testNG.hybrid.automation.framework.testscripts.InterviewTest"/>
        <method signature="StaleElementTest.login()[pri:0, instance:com.testNG.hybrid.automation.framework.testscripts.StaleElementTest@683dbc2c]" name="login" class="com.testNG.hybrid.automation.framework.testscripts.StaleElementTest"/>
      </group> <!-- practice -->
      <group name="regression">
        <method signature="LoginTest.loginWithValidCredentials()[pri:0, instance:com.testNG.hybrid.automation.framework.testscripts.LoginTest@d21a74c]" name="loginWithValidCredentials" class="com.testNG.hybrid.automation.framework.testscripts.LoginTest"/>
        <method signature="RegisterTest.registration(java.lang.String,java.lang.String,java.lang.String,java.lang.String,java.lang.String,java.lang.String)[pri:0, instance:com.testNG.hybrid.automation.framework.testscripts.RegisterTest@2898ac89]" name="registration" class="com.testNG.hybrid.automation.framework.testscripts.RegisterTest"/>
        <method signature="LoginTest.validLoginWIthDataProvider(java.lang.String,java.lang.String)[pri:2, instance:com.testNG.hybrid.automation.framework.testscripts.LoginTest@d21a74c]" name="validLoginWIthDataProvider" class="com.testNG.hybrid.automation.framework.testscripts.LoginTest"/>
      </group> <!-- regression -->
      <group name="smoke">
        <method signature="LoginTest.loginWithValidCredentials()[pri:0, instance:com.testNG.hybrid.automation.framework.testscripts.LoginTest@d21a74c]" name="loginWithValidCredentials" class="com.testNG.hybrid.automation.framework.testscripts.LoginTest"/>
        <method signature="RegisterTest.registration(java.lang.String,java.lang.String,java.lang.String,java.lang.String,java.lang.String,java.lang.String)[pri:0, instance:com.testNG.hybrid.automation.framework.testscripts.RegisterTest@2898ac89]" name="registration" class="com.testNG.hybrid.automation.framework.testscripts.RegisterTest"/>
        <method signature="LoginTest.loginWithValidCredentialsUsingExcel()[pri:1, instance:com.testNG.hybrid.automation.framework.testscripts.LoginTest@d21a74c]" name="loginWithValidCredentialsUsingExcel" class="com.testNG.hybrid.automation.framework.testscripts.LoginTest"/>
        <method signature="LoginTest.invalidCredentials(java.lang.String,java.lang.String)[pri:3, instance:com.testNG.hybrid.automation.framework.testscripts.LoginTest@d21a74c]" name="invalidCredentials" class="com.testNG.hybrid.automation.framework.testscripts.LoginTest"/>
      </group> <!-- smoke -->
    </groups>
    <test started-at="2026-01-05T19:16:05 IST" name="Default test" finished-at="2026-01-05T19:19:30 IST" duration-ms="204203">
      <class name="com.testNG.hybrid.automation.framework.testscripts.InterviewTest">
        <test-method signature="LoginTest()[pri:0, instance:com.testNG.hybrid.automation.framework.testscripts.InterviewTest@6a2f6f80]" started-at="2026-01-05T19:16:05 IST" name="LoginTest" finished-at="2026-01-05T19:16:21 IST" duration-ms="15413" status="PASS">
          <reporter-output>
          </reporter-output>
        </test-method> <!-- LoginTest -->
      </class> <!-- com.testNG.hybrid.automation.framework.testscripts.InterviewTest -->
      <class name="com.testNG.hybrid.automation.framework.testscripts.LoginTest">
        <test-method is-config="true" signature="launch()[pri:0, instance:com.testNG.hybrid.automation.framework.testscripts.LoginTest@d21a74c]" started-at="2026-01-05T19:16:21 IST" name="launch" finished-at="2026-01-05T19:16:24 IST" duration-ms="3013" status="PASS">
          <reporter-output>
          </reporter-output>
        </test-method> <!-- launch -->
        <test-method signature="loginWithValidCredentials()[pri:0, instance:com.testNG.hybrid.automation.framework.testscripts.LoginTest@d21a74c]" started-at="2026-01-05T19:16:24 IST" name="loginWithValidCredentials" finished-at="2026-01-05T19:16:28 IST" duration-ms="4008" status="PASS">
          <reporter-output>
          </reporter-output>
        </test-method> <!-- loginWithValidCredentials -->
        <test-method signature="loginWithValidCredentialsUsingExcel()[pri:1, instance:com.testNG.hybrid.automation.framework.testscripts.LoginTest@d21a74c]" started-at="2026-01-05T19:16:28 IST" name="loginWithValidCredentialsUsingExcel" finished-at="2026-01-05T19:16:33 IST" duration-ms="5238" status="PASS">
          <reporter-output>
          </reporter-output>
        </test-method> <!-- loginWithValidCredentialsUsingExcel -->
        <test-method signature="validLoginWIthDataProvider(java.lang.String,java.lang.String)[pri:2, instance:com.testNG.hybrid.automation.framework.testscripts.LoginTest@d21a74c]" started-at="2026-01-05T19:16:33 IST" name="validLoginWIthDataProvider" data-provider="validCredentialsData" finished-at="2026-01-05T19:16:37 IST" duration-ms="3327" status="PASS">
          <params>
            <param index="0">
              <value>
                <![CDATA[sainadh123@gmail.com]]>
              </value>
            </param>
            <param index="1">
              <value>
                <![CDATA[sainadh@123]]>
              </value>
            </param>
          </params>
          <reporter-output>
          </reporter-output>
        </test-method> <!-- validLoginWIthDataProvider -->
        <test-method signature="validLoginWIthDataProvider(java.lang.String,java.lang.String)[pri:2, instance:com.testNG.hybrid.automation.framework.testscripts.LoginTest@d21a74c]" started-at="2026-01-05T19:16:37 IST" name="validLoginWIthDataProvider" data-provider="validCredentialsData" finished-at="2026-01-05T19:16:41 IST" duration-ms="4248" status="PASS">
          <params>
            <param index="0">
              <value>
                <![CDATA[saitest123@mailinator.com]]>
              </value>
            </param>
            <param index="1">
              <value>
                <![CDATA[test123]]>
              </value>
            </param>
          </params>
          <reporter-output>
          </reporter-output>
        </test-method> <!-- validLoginWIthDataProvider -->
        <test-method signature="validLoginWIthDataProvider(java.lang.String,java.lang.String)[pri:2, instance:com.testNG.hybrid.automation.framework.testscripts.LoginTest@d21a74c]" started-at="2026-01-05T19:16:41 IST" name="validLoginWIthDataProvider" data-provider="validCredentialsData" finished-at="2026-01-05T19:16:45 IST" duration-ms="3661" status="PASS">
          <params>
            <param index="0">
              <value>
                <![CDATA[sai_test96@mailinator.com]]>
              </value>
            </param>
            <param index="1">
              <value>
                <![CDATA[test123]]>
              </value>
            </param>
          </params>
          <reporter-output>
          </reporter-output>
        </test-method> <!-- validLoginWIthDataProvider -->
        <test-method signature="validLoginWIthDataProvider(java.lang.String,java.lang.String)[pri:2, instance:com.testNG.hybrid.automation.framework.testscripts.LoginTest@d21a74c]" started-at="2026-01-05T19:16:45 IST" name="validLoginWIthDataProvider" data-provider="validCredentialsData" finished-at="2026-01-05T19:16:49 IST" duration-ms="4458" status="PASS">
          <params>
            <param index="0">
              <value>
                <![CDATA[sai_test97@mailinator.com]]>
              </value>
            </param>
            <param index="1">
              <value>
                <![CDATA[test123]]>
              </value>
            </param>
          </params>
          <reporter-output>
          </reporter-output>
        </test-method> <!-- validLoginWIthDataProvider -->
        <test-method signature="validLoginWIthDataProvider(java.lang.String,java.lang.String)[pri:2, instance:com.testNG.hybrid.automation.framework.testscripts.LoginTest@d21a74c]" started-at="2026-01-05T19:16:49 IST" name="validLoginWIthDataProvider" data-provider="validCredentialsData" finished-at="2026-01-05T19:16:54 IST" duration-ms="4641" status="PASS">
          <params>
            <param index="0">
              <value>
                <![CDATA[sai_test98@mailinator.com]]>
              </value>
            </param>
            <param index="1">
              <value>
                <![CDATA[test123]]>
              </value>
            </param>
          </params>
          <reporter-output>
          </reporter-output>
        </test-method> <!-- validLoginWIthDataProvider -->
        <test-method signature="validLoginWIthDataProvider(java.lang.String,java.lang.String)[pri:2, instance:com.testNG.hybrid.automation.framework.testscripts.LoginTest@d21a74c]" started-at="2026-01-05T19:16:54 IST" name="validLoginWIthDataProvider" data-provider="validCredentialsData" finished-at="2026-01-05T19:16:58 IST" duration-ms="4440" status="PASS">
          <params>
            <param index="0">
              <value>
                <![CDATA[sai_test99@mailinator.com]]>
              </value>
            </param>
            <param index="1">
              <value>
                <![CDATA[test123]]>
              </value>
            </param>
          </params>
          <reporter-output>
          </reporter-output>
        </test-method> <!-- validLoginWIthDataProvider -->
        <test-method signature="validLoginWIthDataProvider(java.lang.String,java.lang.String)[pri:2, instance:com.testNG.hybrid.automation.framework.testscripts.LoginTest@d21a74c]" started-at="2026-01-05T19:16:58 IST" name="validLoginWIthDataProvider" data-provider="validCredentialsData" finished-at="2026-01-05T19:17:02 IST" duration-ms="3919" status="PASS">
          <params>
            <param index="0">
              <value>
                <![CDATA[sai_test100@mailinator.com]]>
              </value>
            </param>
            <param index="1">
              <value>
                <![CDATA[test123]]>
              </value>
            </param>
          </params>
          <reporter-output>
          </reporter-output>
        </test-method> <!-- validLoginWIthDataProvider -->
        <test-method signature="invalidCredentials(java.lang.String,java.lang.String)[pri:3, instance:com.testNG.hybrid.automation.framework.testscripts.LoginTest@d21a74c]" started-at="2026-01-05T19:17:02 IST" name="invalidCredentials" data-provider="invalidCredentialsData" finished-at="2026-01-05T19:17:05 IST" duration-ms="2274" status="PASS">
          <params>
            <param index="0">
              <value>
                <![CDATA[abcd123@hhdkdk.com]]>
              </value>
            </param>
            <param index="1">
              <value>
                <![CDATA[abcd123]]>
              </value>
            </param>
          </params>
          <reporter-output>
          </reporter-output>
        </test-method> <!-- invalidCredentials -->
        <test-method signature="invalidCredentials(java.lang.String,java.lang.String)[pri:3, instance:com.testNG.hybrid.automation.framework.testscripts.LoginTest@d21a74c]" started-at="2026-01-05T19:17:05 IST" name="invalidCredentials" data-provider="invalidCredentialsData" finished-at="2026-01-05T19:17:06 IST" duration-ms="1857" status="PASS">
          <params>
            <param index="0">
              <value>
                <![CDATA[abcd1234@hhdkdk.com]]>
              </value>
            </param>
            <param index="1">
              <value>
                <![CDATA[abcd124]]>
              </value>
            </param>
          </params>
          <reporter-output>
          </reporter-output>
        </test-method> <!-- invalidCredentials -->
        <test-method signature="invalidCredentials(java.lang.String,java.lang.String)[pri:3, instance:com.testNG.hybrid.automation.framework.testscripts.LoginTest@d21a74c]" started-at="2026-01-05T19:17:06 IST" name="invalidCredentials" data-provider="invalidCredentialsData" finished-at="2026-01-05T19:17:08 IST" duration-ms="1831" status="PASS">
          <params>
            <param index="0">
              <value>
                <![CDATA[abcd13@hhdkdk.com]]>
              </value>
            </param>
            <param index="1">
              <value>
                <![CDATA[abcd125]]>
              </value>
            </param>
          </params>
          <reporter-output>
          </reporter-output>
        </test-method> <!-- invalidCredentials -->
        <test-method signature="invalidCredentials(java.lang.String,java.lang.String)[pri:3, instance:com.testNG.hybrid.automation.framework.testscripts.LoginTest@d21a74c]" started-at="2026-01-05T19:17:08 IST" name="invalidCredentials" data-provider="invalidCredentialsData" finished-at="2026-01-05T19:17:10 IST" duration-ms="1845" status="PASS">
          <params>
            <param index="0">
              <value>
                <![CDATA[yhgf123@hhdkdk.com]]>
              </value>
            </param>
            <param index="1">
              <value>
                <![CDATA[abcd126]]>
              </value>
            </param>
          </params>
          <reporter-output>
          </reporter-output>
        </test-method> <!-- invalidCredentials -->
        <test-method signature="invalidCredentials(java.lang.String,java.lang.String)[pri:3, instance:com.testNG.hybrid.automation.framework.testscripts.LoginTest@d21a74c]" started-at="2026-01-05T19:17:10 IST" name="invalidCredentials" data-provider="invalidCredentialsData" finished-at="2026-01-05T19:17:12 IST" duration-ms="1629" status="PASS">
          <params>
            <param index="0">
              <value>
                <![CDATA[ijjj123@hhdkdk.com]]>
              </value>
            </param>
            <param index="1">
              <value>
                <![CDATA[abcd127]]>
              </value>
            </param>
          </params>
          <reporter-output>
          </reporter-output>
        </test-method> <!-- invalidCredentials -->
        <test-method signature="invalidCredentials(java.lang.String,java.lang.String)[pri:3, instance:com.testNG.hybrid.automation.framework.testscripts.LoginTest@d21a74c]" started-at="2026-01-05T19:17:12 IST" name="invalidCredentials" data-provider="invalidCredentialsData" finished-at="2026-01-05T19:17:13 IST" duration-ms="1745" status="PASS">
          <params>
            <param index="0">
              <value>
                <![CDATA[cvff@hhdkdk.com]]>
              </value>
            </param>
            <param index="1">
              <value>
                <![CDATA[abcd128]]>
              </value>
            </param>
          </params>
          <reporter-output>
          </reporter-output>
        </test-method> <!-- invalidCredentials -->
        <test-method signature="invalidCredentials(java.lang.String,java.lang.String)[pri:3, instance:com.testNG.hybrid.automation.framework.testscripts.LoginTest@d21a74c]" started-at="2026-01-05T19:17:14 IST" name="invalidCredentials" data-provider="invalidCredentialsData" finished-at="2026-01-05T19:17:15 IST" duration-ms="1939" status="PASS">
          <params>
            <param index="0">
              <value>
                <![CDATA[abcd45@hhdkdk.com]]>
              </value>
            </param>
            <param index="1">
              <value>
                <![CDATA[abcd129]]>
              </value>
            </param>
          </params>
          <reporter-output>
          </reporter-output>
        </test-method> <!-- invalidCredentials -->
        <test-method is-config="true" signature="closeApp()[pri:0, instance:com.testNG.hybrid.automation.framework.testscripts.LoginTest@d21a74c]" started-at="2026-01-05T19:17:15 IST" name="closeApp" finished-at="2026-01-05T19:17:16 IST" duration-ms="746" status="PASS">
          <reporter-output>
          </reporter-output>
        </test-method> <!-- closeApp -->
      </class> <!-- com.testNG.hybrid.automation.framework.testscripts.LoginTest -->
      <class name="com.testNG.hybrid.automation.framework.testscripts.RegisterTest">
        <test-method is-config="true" signature="launch()[pri:0, instance:com.testNG.hybrid.automation.framework.testscripts.RegisterTest@2898ac89]" started-at="2026-01-05T19:17:16 IST" name="launch" finished-at="2026-01-05T19:17:18 IST" duration-ms="1953" status="PASS">
          <reporter-output>
          </reporter-output>
        </test-method> <!-- launch -->
        <test-method signature="registration(java.lang.String,java.lang.String,java.lang.String,java.lang.String,java.lang.String,java.lang.String)[pri:0, instance:com.testNG.hybrid.automation.framework.testscripts.RegisterTest@2898ac89]" started-at="2026-01-05T19:17:19 IST" name="registration" data-provider="getDataFromExcel" finished-at="2026-01-05T19:17:43 IST" duration-ms="24383" status="FAIL">
          <params>
            <param index="0">
              <value>
                <![CDATA[Sai]]>
              </value>
            </param>
            <param index="1">
              <value>
                <![CDATA[Test]]>
              </value>
            </param>
            <param index="2">
              <value>
                <![CDATA[sai_test35@mailinator.com]]>
              </value>
            </param>
            <param index="3">
              <value>
                <![CDATA[9874512395]]>
              </value>
            </param>
            <param index="4">
              <value>
                <![CDATA[test123]]>
              </value>
            </param>
            <param index="5">
              <value>
                <![CDATA[test123]]>
              </value>
            </param>
          </params>
          <exception class="java.lang.AssertionError">
            <message>
              <![CDATA[expected [true] but found [false]]]>
            </message>
            <full-stacktrace>
              <![CDATA[java.lang.AssertionError: expected [true] but found [false]
at org.testng.Assert.fail(Assert.java:111)
at org.testng.Assert.failNotEquals(Assert.java:1590)
at org.testng.Assert.assertTrue(Assert.java:57)
at org.testng.Assert.assertTrue(Assert.java:67)
at com.testNG.hybrid.automation.framework.testscripts.RegisterTest.registration(RegisterTest.java:35)
at java.base/jdk.internal.reflect.DirectMethodHandleAccessor.invoke(DirectMethodHandleAccessor.java:103)
at java.base/java.lang.reflect.Method.invoke(Method.java:580)
at org.testng.internal.invokers.MethodInvocationHelper.invokeMethod(MethodInvocationHelper.java:141)
at org.testng.internal.invokers.TestInvoker.invokeMethod(TestInvoker.java:687)
at org.testng.internal.invokers.TestInvoker.invokeTestMethod(TestInvoker.java:230)
at org.testng.internal.invokers.MethodRunner.runInSequence(MethodRunner.java:63)
at org.testng.internal.invokers.TestInvoker$MethodInvocationAgent.invoke(TestInvoker.java:995)
at org.testng.internal.invokers.TestInvoker.invokeTestMethods(TestInvoker.java:203)
at org.testng.internal.invokers.TestMethodWorker.invokeTestMethods(TestMethodWorker.java:154)
at org.testng.internal.invokers.TestMethodWorker.run(TestMethodWorker.java:134)
at java.base/java.util.ArrayList.forEach(ArrayList.java:1596)
at org.testng.TestRunner.privateRun(TestRunner.java:741)
at org.testng.TestRunner.run(TestRunner.java:616)
at org.testng.SuiteRunner.runTest(SuiteRunner.java:421)
at org.testng.SuiteRunner.runSequentially(SuiteRunner.java:413)
at org.testng.SuiteRunner.privateRun(SuiteRunner.java:373)
at org.testng.SuiteRunner.run(SuiteRunner.java:312)
at org.testng.SuiteRunnerWorker.runSuite(SuiteRunnerWorker.java:52)
at org.testng.SuiteRunnerWorker.run(SuiteRunnerWorker.java:95)
at org.testng.TestNG.runSuitesSequentially(TestNG.java:1274)
at org.testng.TestNG.runSuitesLocally(TestNG.java:1208)
at org.testng.TestNG.runSuites(TestNG.java:1112)
at org.testng.TestNG.run(TestNG.java:1079)
at org.testng.remote.AbstractRemoteTestNG.run(AbstractRemoteTestNG.java:115)
at org.testng.remote.RemoteTestNG.initAndRun(RemoteTestNG.java:293)
at org.testng.remote.RemoteTestNG.main(RemoteTestNG.java:91)
]]>
            </full-stacktrace>
          </exception> <!-- java.lang.AssertionError -->
          <reporter-output>
          </reporter-output>
        </test-method> <!-- registration -->
        <test-method signature="registration(java.lang.String,java.lang.String,java.lang.String,java.lang.String,java.lang.String,java.lang.String)[pri:0, instance:com.testNG.hybrid.automation.framework.testscripts.RegisterTest@2898ac89]" started-at="2026-01-05T19:17:43 IST" name="registration" data-provider="getDataFromExcel" finished-at="2026-01-05T19:18:08 IST" duration-ms="24907" status="FAIL">
          <params>
            <param index="0">
              <value>
                <![CDATA[Sai]]>
              </value>
            </param>
            <param index="1">
              <value>
                <![CDATA[Test]]>
              </value>
            </param>
            <param index="2">
              <value>
                <![CDATA[sai_test36@mailinator.com]]>
              </value>
            </param>
            <param index="3">
              <value>
                <![CDATA[9874512495]]>
              </value>
            </param>
            <param index="4">
              <value>
                <![CDATA[test123]]>
              </value>
            </param>
            <param index="5">
              <value>
                <![CDATA[test123]]>
              </value>
            </param>
          </params>
          <exception class="java.lang.AssertionError">
            <message>
              <![CDATA[expected [true] but found [false]]]>
            </message>
            <full-stacktrace>
              <![CDATA[java.lang.AssertionError: expected [true] but found [false]
at org.testng.Assert.fail(Assert.java:111)
at org.testng.Assert.failNotEquals(Assert.java:1590)
at org.testng.Assert.assertTrue(Assert.java:57)
at org.testng.Assert.assertTrue(Assert.java:67)
at com.testNG.hybrid.automation.framework.testscripts.RegisterTest.registration(RegisterTest.java:35)
at java.base/jdk.internal.reflect.DirectMethodHandleAccessor.invoke(DirectMethodHandleAccessor.java:103)
at java.base/java.lang.reflect.Method.invoke(Method.java:580)
at org.testng.internal.invokers.MethodInvocationHelper.invokeMethod(MethodInvocationHelper.java:141)
at org.testng.internal.invokers.TestInvoker.invokeMethod(TestInvoker.java:687)
at org.testng.internal.invokers.TestInvoker.invokeTestMethod(TestInvoker.java:230)
at org.testng.internal.invokers.MethodRunner.runInSequence(MethodRunner.java:63)
at org.testng.internal.invokers.TestInvoker$MethodInvocationAgent.invoke(TestInvoker.java:995)
at org.testng.internal.invokers.TestInvoker.invokeTestMethods(TestInvoker.java:203)
at org.testng.internal.invokers.TestMethodWorker.invokeTestMethods(TestMethodWorker.java:154)
at org.testng.internal.invokers.TestMethodWorker.run(TestMethodWorker.java:134)
at java.base/java.util.ArrayList.forEach(ArrayList.java:1596)
at org.testng.TestRunner.privateRun(TestRunner.java:741)
at org.testng.TestRunner.run(TestRunner.java:616)
at org.testng.SuiteRunner.runTest(SuiteRunner.java:421)
at org.testng.SuiteRunner.runSequentially(SuiteRunner.java:413)
at org.testng.SuiteRunner.privateRun(SuiteRunner.java:373)
at org.testng.SuiteRunner.run(SuiteRunner.java:312)
at org.testng.SuiteRunnerWorker.runSuite(SuiteRunnerWorker.java:52)
at org.testng.SuiteRunnerWorker.run(SuiteRunnerWorker.java:95)
at org.testng.TestNG.runSuitesSequentially(TestNG.java:1274)
at org.testng.TestNG.runSuitesLocally(TestNG.java:1208)
at org.testng.TestNG.runSuites(TestNG.java:1112)
at org.testng.TestNG.run(TestNG.java:1079)
at org.testng.remote.AbstractRemoteTestNG.run(AbstractRemoteTestNG.java:115)
at org.testng.remote.RemoteTestNG.initAndRun(RemoteTestNG.java:293)
at org.testng.remote.RemoteTestNG.main(RemoteTestNG.java:91)
]]>
            </full-stacktrace>
          </exception> <!-- java.lang.AssertionError -->
          <reporter-output>
          </reporter-output>
        </test-method> <!-- registration -->
        <test-method signature="registration(java.lang.String,java.lang.String,java.lang.String,java.lang.String,java.lang.String,java.lang.String)[pri:0, instance:com.testNG.hybrid.automation.framework.testscripts.RegisterTest@2898ac89]" started-at="2026-01-05T19:18:08 IST" name="registration" data-provider="getDataFromExcel" finished-at="2026-01-05T19:18:33 IST" duration-ms="24413" status="FAIL">
          <params>
            <param index="0">
              <value>
                <![CDATA[Sai]]>
              </value>
            </param>
            <param index="1">
              <value>
                <![CDATA[Test]]>
              </value>
            </param>
            <param index="2">
              <value>
                <![CDATA[sai_test37@mailinator.com]]>
              </value>
            </param>
            <param index="3">
              <value>
                <![CDATA[9870512395]]>
              </value>
            </param>
            <param index="4">
              <value>
                <![CDATA[test123]]>
              </value>
            </param>
            <param index="5">
              <value>
                <![CDATA[test123]]>
              </value>
            </param>
          </params>
          <exception class="java.lang.AssertionError">
            <message>
              <![CDATA[expected [true] but found [false]]]>
            </message>
            <full-stacktrace>
              <![CDATA[java.lang.AssertionError: expected [true] but found [false]
at org.testng.Assert.fail(Assert.java:111)
at org.testng.Assert.failNotEquals(Assert.java:1590)
at org.testng.Assert.assertTrue(Assert.java:57)
at org.testng.Assert.assertTrue(Assert.java:67)
at com.testNG.hybrid.automation.framework.testscripts.RegisterTest.registration(RegisterTest.java:35)
at java.base/jdk.internal.reflect.DirectMethodHandleAccessor.invoke(DirectMethodHandleAccessor.java:103)
at java.base/java.lang.reflect.Method.invoke(Method.java:580)
at org.testng.internal.invokers.MethodInvocationHelper.invokeMethod(MethodInvocationHelper.java:141)
at org.testng.internal.invokers.TestInvoker.invokeMethod(TestInvoker.java:687)
at org.testng.internal.invokers.TestInvoker.invokeTestMethod(TestInvoker.java:230)
at org.testng.internal.invokers.MethodRunner.runInSequence(MethodRunner.java:63)
at org.testng.internal.invokers.TestInvoker$MethodInvocationAgent.invoke(TestInvoker.java:995)
at org.testng.internal.invokers.TestInvoker.invokeTestMethods(TestInvoker.java:203)
at org.testng.internal.invokers.TestMethodWorker.invokeTestMethods(TestMethodWorker.java:154)
at org.testng.internal.invokers.TestMethodWorker.run(TestMethodWorker.java:134)
at java.base/java.util.ArrayList.forEach(ArrayList.java:1596)
at org.testng.TestRunner.privateRun(TestRunner.java:741)
at org.testng.TestRunner.run(TestRunner.java:616)
at org.testng.SuiteRunner.runTest(SuiteRunner.java:421)
at org.testng.SuiteRunner.runSequentially(SuiteRunner.java:413)
at org.testng.SuiteRunner.privateRun(SuiteRunner.java:373)
at org.testng.SuiteRunner.run(SuiteRunner.java:312)
at org.testng.SuiteRunnerWorker.runSuite(SuiteRunnerWorker.java:52)
at org.testng.SuiteRunnerWorker.run(SuiteRunnerWorker.java:95)
at org.testng.TestNG.runSuitesSequentially(TestNG.java:1274)
at org.testng.TestNG.runSuitesLocally(TestNG.java:1208)
at org.testng.TestNG.runSuites(TestNG.java:1112)
at org.testng.TestNG.run(TestNG.java:1079)
at org.testng.remote.AbstractRemoteTestNG.run(AbstractRemoteTestNG.java:115)
at org.testng.remote.RemoteTestNG.initAndRun(RemoteTestNG.java:293)
at org.testng.remote.RemoteTestNG.main(RemoteTestNG.java:91)
]]>
            </full-stacktrace>
          </exception> <!-- java.lang.AssertionError -->
          <reporter-output>
          </reporter-output>
        </test-method> <!-- registration -->
        <test-method signature="registration(java.lang.String,java.lang.String,java.lang.String,java.lang.String,java.lang.String,java.lang.String)[pri:0, instance:com.testNG.hybrid.automation.framework.testscripts.RegisterTest@2898ac89]" started-at="2026-01-05T19:18:33 IST" name="registration" data-provider="getDataFromExcel" finished-at="2026-01-05T19:18:55 IST" duration-ms="22599" status="FAIL">
          <params>
            <param index="0">
              <value>
                <![CDATA[Sai]]>
              </value>
            </param>
            <param index="1">
              <value>
                <![CDATA[Test]]>
              </value>
            </param>
            <param index="2">
              <value>
                <![CDATA[sai_test38@mailinator.com]]>
              </value>
            </param>
            <param index="3">
              <value>
                <![CDATA[9874712395]]>
              </value>
            </param>
            <param index="4">
              <value>
                <![CDATA[test123]]>
              </value>
            </param>
            <param index="5">
              <value>
                <![CDATA[test123]]>
              </value>
            </param>
          </params>
          <exception class="java.lang.AssertionError">
            <message>
              <![CDATA[expected [true] but found [false]]]>
            </message>
            <full-stacktrace>
              <![CDATA[java.lang.AssertionError: expected [true] but found [false]
at org.testng.Assert.fail(Assert.java:111)
at org.testng.Assert.failNotEquals(Assert.java:1590)
at org.testng.Assert.assertTrue(Assert.java:57)
at org.testng.Assert.assertTrue(Assert.java:67)
at com.testNG.hybrid.automation.framework.testscripts.RegisterTest.registration(RegisterTest.java:35)
at java.base/jdk.internal.reflect.DirectMethodHandleAccessor.invoke(DirectMethodHandleAccessor.java:103)
at java.base/java.lang.reflect.Method.invoke(Method.java:580)
at org.testng.internal.invokers.MethodInvocationHelper.invokeMethod(MethodInvocationHelper.java:141)
at org.testng.internal.invokers.TestInvoker.invokeMethod(TestInvoker.java:687)
at org.testng.internal.invokers.TestInvoker.invokeTestMethod(TestInvoker.java:230)
at org.testng.internal.invokers.MethodRunner.runInSequence(MethodRunner.java:63)
at org.testng.internal.invokers.TestInvoker$MethodInvocationAgent.invoke(TestInvoker.java:995)
at org.testng.internal.invokers.TestInvoker.invokeTestMethods(TestInvoker.java:203)
at org.testng.internal.invokers.TestMethodWorker.invokeTestMethods(TestMethodWorker.java:154)
at org.testng.internal.invokers.TestMethodWorker.run(TestMethodWorker.java:134)
at java.base/java.util.ArrayList.forEach(ArrayList.java:1596)
at org.testng.TestRunner.privateRun(TestRunner.java:741)
at org.testng.TestRunner.run(TestRunner.java:616)
at org.testng.SuiteRunner.runTest(SuiteRunner.java:421)
at org.testng.SuiteRunner.runSequentially(SuiteRunner.java:413)
at org.testng.SuiteRunner.privateRun(SuiteRunner.java:373)
at org.testng.SuiteRunner.run(SuiteRunner.java:312)
at org.testng.SuiteRunnerWorker.runSuite(SuiteRunnerWorker.java:52)
at org.testng.SuiteRunnerWorker.run(SuiteRunnerWorker.java:95)
at org.testng.TestNG.runSuitesSequentially(TestNG.java:1274)
at org.testng.TestNG.runSuitesLocally(TestNG.java:1208)
at org.testng.TestNG.runSuites(TestNG.java:1112)
at org.testng.TestNG.run(TestNG.java:1079)
at org.testng.remote.AbstractRemoteTestNG.run(AbstractRemoteTestNG.java:115)
at org.testng.remote.RemoteTestNG.initAndRun(RemoteTestNG.java:293)
at org.testng.remote.RemoteTestNG.main(RemoteTestNG.java:91)
]]>
            </full-stacktrace>
          </exception> <!-- java.lang.AssertionError -->
          <reporter-output>
          </reporter-output>
        </test-method> <!-- registration -->
        <test-method signature="registration(java.lang.String,java.lang.String,java.lang.String,java.lang.String,java.lang.String,java.lang.String)[pri:0, instance:com.testNG.hybrid.automation.framework.testscripts.RegisterTest@2898ac89]" started-at="2026-01-05T19:18:55 IST" name="registration" data-provider="getDataFromExcel" finished-at="2026-01-05T19:19:20 IST" duration-ms="24447" status="FAIL">
          <params>
            <param index="0">
              <value>
                <![CDATA[Sai]]>
              </value>
            </param>
            <param index="1">
              <value>
                <![CDATA[Test]]>
              </value>
            </param>
            <param index="2">
              <value>
                <![CDATA[sai_test39@mailinator.com]]>
              </value>
            </param>
            <param index="3">
              <value>
                <![CDATA[9874512195]]>
              </value>
            </param>
            <param index="4">
              <value>
                <![CDATA[test123]]>
              </value>
            </param>
            <param index="5">
              <value>
                <![CDATA[test123]]>
              </value>
            </param>
          </params>
          <exception class="java.lang.AssertionError">
            <message>
              <![CDATA[expected [true] but found [false]]]>
            </message>
            <full-stacktrace>
              <![CDATA[java.lang.AssertionError: expected [true] but found [false]
at org.testng.Assert.fail(Assert.java:111)
at org.testng.Assert.failNotEquals(Assert.java:1590)
at org.testng.Assert.assertTrue(Assert.java:57)
at org.testng.Assert.assertTrue(Assert.java:67)
at com.testNG.hybrid.automation.framework.testscripts.RegisterTest.registration(RegisterTest.java:35)
at java.base/jdk.internal.reflect.DirectMethodHandleAccessor.invoke(DirectMethodHandleAccessor.java:103)
at java.base/java.lang.reflect.Method.invoke(Method.java:580)
at org.testng.internal.invokers.MethodInvocationHelper.invokeMethod(MethodInvocationHelper.java:141)
at org.testng.internal.invokers.TestInvoker.invokeMethod(TestInvoker.java:687)
at org.testng.internal.invokers.TestInvoker.invokeTestMethod(TestInvoker.java:230)
at org.testng.internal.invokers.MethodRunner.runInSequence(MethodRunner.java:63)
at org.testng.internal.invokers.TestInvoker$MethodInvocationAgent.invoke(TestInvoker.java:995)
at org.testng.internal.invokers.TestInvoker.invokeTestMethods(TestInvoker.java:203)
at org.testng.internal.invokers.TestMethodWorker.invokeTestMethods(TestMethodWorker.java:154)
at org.testng.internal.invokers.TestMethodWorker.run(TestMethodWorker.java:134)
at java.base/java.util.ArrayList.forEach(ArrayList.java:1596)
at org.testng.TestRunner.privateRun(TestRunner.java:741)
at org.testng.TestRunner.run(TestRunner.java:616)
at org.testng.SuiteRunner.runTest(SuiteRunner.java:421)
at org.testng.SuiteRunner.runSequentially(SuiteRunner.java:413)
at org.testng.SuiteRunner.privateRun(SuiteRunner.java:373)
at org.testng.SuiteRunner.run(SuiteRunner.java:312)
at org.testng.SuiteRunnerWorker.runSuite(SuiteRunnerWorker.java:52)
at org.testng.SuiteRunnerWorker.run(SuiteRunnerWorker.java:95)
at org.testng.TestNG.runSuitesSequentially(TestNG.java:1274)
at org.testng.TestNG.runSuitesLocally(TestNG.java:1208)
at org.testng.TestNG.runSuites(TestNG.java:1112)
at org.testng.TestNG.run(TestNG.java:1079)
at org.testng.remote.AbstractRemoteTestNG.run(AbstractRemoteTestNG.java:115)
at org.testng.remote.RemoteTestNG.initAndRun(RemoteTestNG.java:293)
at org.testng.remote.RemoteTestNG.main(RemoteTestNG.java:91)
]]>
            </full-stacktrace>
          </exception> <!-- java.lang.AssertionError -->
          <reporter-output>
          </reporter-output>
        </test-method> <!-- registration -->
        <test-method is-config="true" signature="closeApp()[pri:0, instance:com.testNG.hybrid.automation.framework.testscripts.RegisterTest@2898ac89]" started-at="2026-01-05T19:19:20 IST" name="closeApp" finished-at="2026-01-05T19:19:20 IST" duration-ms="653" status="PASS">
          <reporter-output>
          </reporter-output>
        </test-method> <!-- closeApp -->
      </class> <!-- com.testNG.hybrid.automation.framework.testscripts.RegisterTest -->
      <class name="com.testNG.hybrid.automation.framework.testscripts.StaleElementTest">
        <test-method signature="login()[pri:0, instance:com.testNG.hybrid.automation.framework.testscripts.StaleElementTest@683dbc2c]" started-at="2026-01-05T19:19:20 IST" name="login" finished-at="2026-01-05T19:19:30 IST" duration-ms="9276" status="PASS">
          <reporter-output>
          </reporter-output>
        </test-method> <!-- login -->
      </class> <!-- com.testNG.hybrid.automation.framework.testscripts.StaleElementTest -->
    </test> <!-- Default test -->
  </suite> <!-- Default suite -->
</testng-results>
