<?xml version="1.0" encoding="UTF-8"?>
<testng-results ignored="4" total="18" passed="14" failed="0" skipped="0">
  <reporter-output>
  </reporter-output>
  <suite started-at="2026-01-09T18:39:08 IST" name="Suite" finished-at="2026-01-09T18:40:10 IST" duration-ms="62138">
    <groups>
      <group name="regression">
        <method signature="LoginTest.loginWithValidCredentials()[pri:0, instance:com.testNG.hybrid.automation.framework.testscripts.LoginTest@38e79ae3]" name="loginWithValidCredentials" class="com.testNG.hybrid.automation.framework.testscripts.LoginTest"/>
        <method signature="RegisterTest.registration(java.lang.String,java.lang.String,java.lang.String,java.lang.String,java.lang.String,java.lang.String)[pri:0, instance:com.testNG.hybrid.automation.framework.testscripts.RegisterTest@63070bab]" name="registration" class="com.testNG.hybrid.automation.framework.testscripts.RegisterTest"/>
      </group> <!-- regression -->
      <group name="smoke">
        <method signature="LoginTest.loginWithValidCredentials()[pri:0, instance:com.testNG.hybrid.automation.framework.testscripts.LoginTest@38e79ae3]" name="loginWithValidCredentials" class="com.testNG.hybrid.automation.framework.testscripts.LoginTest"/>
        <method signature="RegisterTest.registration(java.lang.String,java.lang.String,java.lang.String,java.lang.String,java.lang.String,java.lang.String)[pri:0, instance:com.testNG.hybrid.automation.framework.testscripts.RegisterTest@63070bab]" name="registration" class="com.testNG.hybrid.automation.framework.testscripts.RegisterTest"/>
        <method signature="LoginTest.loginWithValidCredentialsUsingExcel()[pri:1, instance:com.testNG.hybrid.automation.framework.testscripts.LoginTest@38e79ae3]" name="loginWithValidCredentialsUsingExcel" class="com.testNG.hybrid.automation.framework.testscripts.LoginTest"/>
        <method signature="LoginTest.invalidCredentials(java.lang.String,java.lang.String)[pri:3, instance:com.testNG.hybrid.automation.framework.testscripts.LoginTest@38e79ae3]" name="invalidCredentials" class="com.testNG.hybrid.automation.framework.testscripts.LoginTest"/>
      </group> <!-- smoke -->
    </groups>
    <test started-at="2026-01-09T18:39:08 IST" name="Test" finished-at="2026-01-09T18:40:10 IST" duration-ms="62138">
      <class name="com.testNG.hybrid.automation.framework.testscripts.LoginTest">
        <test-method is-config="true" signature="launch()[pri:0, instance:com.testNG.hybrid.automation.framework.testscripts.LoginTest@38e79ae3]" started-at="2026-01-09T18:39:08 IST" name="launch" finished-at="2026-01-09T18:39:16 IST" duration-ms="7565" status="PASS">
          <reporter-output>
          </reporter-output>
        </test-method> <!-- launch -->
        <test-method signature="loginWithValidCredentials()[pri:0, instance:com.testNG.hybrid.automation.framework.testscripts.LoginTest@38e79ae3]" started-at="2026-01-09T18:39:16 IST" name="loginWithValidCredentials" finished-at="2026-01-09T18:39:19 IST" duration-ms="2748" status="PASS">
          <reporter-output>
          </reporter-output>
        </test-method> <!-- loginWithValidCredentials -->
        <test-method signature="loginWithValidCredentialsUsingExcel()[pri:1, instance:com.testNG.hybrid.automation.framework.testscripts.LoginTest@38e79ae3]" started-at="2026-01-09T18:39:19 IST" name="loginWithValidCredentialsUsingExcel" finished-at="2026-01-09T18:39:23 IST" duration-ms="4554" status="PASS">
          <reporter-output>
          </reporter-output>
        </test-method> <!-- loginWithValidCredentialsUsingExcel -->
        <test-method signature="invalidCredentials(java.lang.String,java.lang.String)[pri:3, instance:com.testNG.hybrid.automation.framework.testscripts.LoginTest@38e79ae3]" started-at="2026-01-09T18:39:23 IST" name="invalidCredentials" data-provider="invalidCredentialsData" finished-at="2026-01-09T18:39:25 IST" duration-ms="1843" status="PASS">
          <params>
            <param index="0">
              <value>
                <![CDATA[abcd123@hhdkdk.com]]>
              </value>
            </param>
            <param index="1">
              <value>
                <![CDATA[abcd123]]>
              </value>
            </param>
          </params>
          <reporter-output>
          </reporter-output>
        </test-method> <!-- invalidCredentials -->
        <test-method signature="invalidCredentials(java.lang.String,java.lang.String)[pri:3, instance:com.testNG.hybrid.automation.framework.testscripts.LoginTest@38e79ae3]" started-at="2026-01-09T18:39:25 IST" name="invalidCredentials" data-provider="invalidCredentialsData" finished-at="2026-01-09T18:39:27 IST" duration-ms="1988" status="PASS">
          <params>
            <param index="0">
              <value>
                <![CDATA[abcd1234@hhdkdk.com]]>
              </value>
            </param>
            <param index="1">
              <value>
                <![CDATA[abcd124]]>
              </value>
            </param>
          </params>
          <reporter-output>
          </reporter-output>
        </test-method> <!-- invalidCredentials -->
        <test-method signature="invalidCredentials(java.lang.String,java.lang.String)[pri:3, instance:com.testNG.hybrid.automation.framework.testscripts.LoginTest@38e79ae3]" started-at="2026-01-09T18:39:27 IST" name="invalidCredentials" data-provider="invalidCredentialsData" finished-at="2026-01-09T18:39:29 IST" duration-ms="1643" status="PASS">
          <params>
            <param index="0">
              <value>
                <![CDATA[abcd13@hhdkdk.com]]>
              </value>
            </param>
            <param index="1">
              <value>
                <![CDATA[abcd125]]>
              </value>
            </param>
          </params>
          <reporter-output>
          </reporter-output>
        </test-method> <!-- invalidCredentials -->
        <test-method signature="invalidCredentials(java.lang.String,java.lang.String)[pri:3, instance:com.testNG.hybrid.automation.framework.testscripts.LoginTest@38e79ae3]" started-at="2026-01-09T18:39:29 IST" name="invalidCredentials" data-provider="invalidCredentialsData" finished-at="2026-01-09T18:39:31 IST" duration-ms="2030" status="PASS">
          <params>
            <param index="0">
              <value>
                <![CDATA[yhgf123@hhdkdk.com]]>
              </value>
            </param>
            <param index="1">
              <value>
                <![CDATA[abcd126]]>
              </value>
            </param>
          </params>
          <reporter-output>
          </reporter-output>
        </test-method> <!-- invalidCredentials -->
        <test-method signature="invalidCredentials(java.lang.String,java.lang.String)[pri:3, instance:com.testNG.hybrid.automation.framework.testscripts.LoginTest@38e79ae3]" started-at="2026-01-09T18:39:31 IST" name="invalidCredentials" data-provider="invalidCredentialsData" finished-at="2026-01-09T18:39:33 IST" duration-ms="2440" status="PASS">
          <params>
            <param index="0">
              <value>
                <![CDATA[ijjj123@hhdkdk.com]]>
              </value>
            </param>
            <param index="1">
              <value>
                <![CDATA[abcd127]]>
              </value>
            </param>
          </params>
          <reporter-output>
          </reporter-output>
        </test-method> <!-- invalidCredentials -->
        <test-method signature="invalidCredentials(java.lang.String,java.lang.String)[pri:3, instance:com.testNG.hybrid.automation.framework.testscripts.LoginTest@38e79ae3]" started-at="2026-01-09T18:39:33 IST" name="invalidCredentials" data-provider="invalidCredentialsData" finished-at="2026-01-09T18:39:35 IST" duration-ms="2039" status="PASS">
          <params>
            <param index="0">
              <value>
                <![CDATA[cvff@hhdkdk.com]]>
              </value>
            </param>
            <param index="1">
              <value>
                <![CDATA[abcd128]]>
              </value>
            </param>
          </params>
          <reporter-output>
          </reporter-output>
        </test-method> <!-- invalidCredentials -->
        <test-method signature="invalidCredentials(java.lang.String,java.lang.String)[pri:3, instance:com.testNG.hybrid.automation.framework.testscripts.LoginTest@38e79ae3]" started-at="2026-01-09T18:39:35 IST" name="invalidCredentials" data-provider="invalidCredentialsData" finished-at="2026-01-09T18:39:38 IST" duration-ms="2354" status="PASS">
          <params>
            <param index="0">
              <value>
                <![CDATA[abcd45@hhdkdk.com]]>
              </value>
            </param>
            <param index="1">
              <value>
                <![CDATA[abcd129]]>
              </value>
            </param>
          </params>
          <reporter-output>
          </reporter-output>
        </test-method> <!-- invalidCredentials -->
        <test-method is-config="true" signature="closeApp()[pri:0, instance:com.testNG.hybrid.automation.framework.testscripts.LoginTest@38e79ae3]" started-at="2026-01-09T18:39:38 IST" name="closeApp" finished-at="2026-01-09T18:39:38 IST" duration-ms="317" status="PASS">
          <reporter-output>
          </reporter-output>
        </test-method> <!-- closeApp -->
      </class> <!-- com.testNG.hybrid.automation.framework.testscripts.LoginTest -->
      <class name="com.testNG.hybrid.automation.framework.testscripts.RegisterTest">
        <test-method is-config="true" signature="launch()[pri:0, instance:com.testNG.hybrid.automation.framework.testscripts.RegisterTest@63070bab]" started-at="2026-01-09T18:39:38 IST" name="launch" finished-at="2026-01-09T18:39:40 IST" duration-ms="1916" status="PASS">
          <reporter-output>
          </reporter-output>
        </test-method> <!-- launch -->
        <test-method signature="registration(java.lang.String,java.lang.String,java.lang.String,java.lang.String,java.lang.String,java.lang.String)[pri:0, instance:com.testNG.hybrid.automation.framework.testscripts.RegisterTest@63070bab]" started-at="2026-01-09T18:39:40 IST" name="registration" data-provider="getDataFromExcel" finished-at="2026-01-09T18:39:51 IST" duration-ms="11007" status="PASS">
          <params>
            <param index="0">
              <value>
                <![CDATA[Sai]]>
              </value>
            </param>
            <param index="1">
              <value>
                <![CDATA[Test]]>
              </value>
            </param>
            <param index="2">
              <value>
                <![CDATA[test]]>
              </value>
            </param>
            <param index="3">
              <value>
                <![CDATA[9874512395]]>
              </value>
            </param>
            <param index="4">
              <value>
                <![CDATA[test123]]>
              </value>
            </param>
            <param index="5">
              <value>
                <![CDATA[test123]]>
              </value>
            </param>
          </params>
          <reporter-output>
          </reporter-output>
        </test-method> <!-- registration -->
        <test-method signature="registration(java.lang.String,java.lang.String,java.lang.String,java.lang.String,java.lang.String,java.lang.String)[pri:0, instance:com.testNG.hybrid.automation.framework.testscripts.RegisterTest@63070bab]" started-at="2026-01-09T18:39:51 IST" name="registration" data-provider="getDataFromExcel" finished-at="2026-01-09T18:39:55 IST" duration-ms="3516" status="PASS">
          <params>
            <param index="0">
              <value>
                <![CDATA[Sai]]>
              </value>
            </param>
            <param index="1">
              <value>
                <![CDATA[Test]]>
              </value>
            </param>
            <param index="2">
              <value>
                <![CDATA[test]]>
              </value>
            </param>
            <param index="3">
              <value>
                <![CDATA[9874512495]]>
              </value>
            </param>
            <param index="4">
              <value>
                <![CDATA[test123]]>
              </value>
            </param>
            <param index="5">
              <value>
                <![CDATA[test123]]>
              </value>
            </param>
          </params>
          <reporter-output>
          </reporter-output>
        </test-method> <!-- registration -->
        <test-method signature="registration(java.lang.String,java.lang.String,java.lang.String,java.lang.String,java.lang.String,java.lang.String)[pri:0, instance:com.testNG.hybrid.automation.framework.testscripts.RegisterTest@63070bab]" started-at="2026-01-09T18:39:55 IST" name="registration" data-provider="getDataFromExcel" finished-at="2026-01-09T18:39:59 IST" duration-ms="4203" status="PASS">
          <params>
            <param index="0">
              <value>
                <![CDATA[Sai]]>
              </value>
            </param>
            <param index="1">
              <value>
                <![CDATA[Test]]>
              </value>
            </param>
            <param index="2">
              <value>
                <![CDATA[test]]>
              </value>
            </param>
            <param index="3">
              <value>
                <![CDATA[9870512395]]>
              </value>
            </param>
            <param index="4">
              <value>
                <![CDATA[test123]]>
              </value>
            </param>
            <param index="5">
              <value>
                <![CDATA[test123]]>
              </value>
            </param>
          </params>
          <reporter-output>
          </reporter-output>
        </test-method> <!-- registration -->
        <test-method signature="registration(java.lang.String,java.lang.String,java.lang.String,java.lang.String,java.lang.String,java.lang.String)[pri:0, instance:com.testNG.hybrid.automation.framework.testscripts.RegisterTest@63070bab]" started-at="2026-01-09T18:39:59 IST" name="registration" data-provider="getDataFromExcel" finished-at="2026-01-09T18:40:06 IST" duration-ms="7467" status="PASS">
          <params>
            <param index="0">
              <value>
                <![CDATA[Sai]]>
              </value>
            </param>
            <param index="1">
              <value>
                <![CDATA[Test]]>
              </value>
            </param>
            <param index="2">
              <value>
                <![CDATA[test]]>
              </value>
            </param>
            <param index="3">
              <value>
                <![CDATA[9874712395]]>
              </value>
            </param>
            <param index="4">
              <value>
                <![CDATA[test123]]>
              </value>
            </param>
            <param index="5">
              <value>
                <![CDATA[test123]]>
              </value>
            </param>
          </params>
          <reporter-output>
          </reporter-output>
        </test-method> <!-- registration -->
        <test-method signature="registration(java.lang.String,java.lang.String,java.lang.String,java.lang.String,java.lang.String,java.lang.String)[pri:0, instance:com.testNG.hybrid.automation.framework.testscripts.RegisterTest@63070bab]" started-at="2026-01-09T18:40:06 IST" name="registration" data-provider="getDataFromExcel" finished-at="2026-01-09T18:40:10 IST" duration-ms="3304" status="PASS">
          <params>
            <param index="0">
              <value>
                <![CDATA[Sai]]>
              </value>
            </param>
            <param index="1">
              <value>
                <![CDATA[Test]]>
              </value>
            </param>
            <param index="2">
              <value>
                <![CDATA[test]]>
              </value>
            </param>
            <param index="3">
              <value>
                <![CDATA[9874512195]]>
              </value>
            </param>
            <param index="4">
              <value>
                <![CDATA[test123]]>
              </value>
            </param>
            <param index="5">
              <value>
                <![CDATA[test123]]>
              </value>
            </param>
          </params>
          <reporter-output>
          </reporter-output>
        </test-method> <!-- registration -->
        <test-method is-config="true" signature="closeApp()[pri:0, instance:com.testNG.hybrid.automation.framework.testscripts.RegisterTest@63070bab]" started-at="2026-01-09T18:40:10 IST" name="closeApp" finished-at="2026-01-09T18:40:10 IST" duration-ms="305" status="PASS">
          <reporter-output>
          </reporter-output>
        </test-method> <!-- closeApp -->
      </class> <!-- com.testNG.hybrid.automation.framework.testscripts.RegisterTest -->
    </test> <!-- Test -->
  </suite> <!-- Suite -->
</testng-results>
