<?xml version="1.0" encoding="UTF-8"?>
<!-- Generated by org.testng.reporters.JUnitReportReporter -->
<testsuite hostname="SaiNadh" failures="0" tests="9" name="com.testNG.hybrid.automation.framework.testscripts.LoginTest" time="21.639" errors="0" timestamp="2026-01-09T18:40:12 IST" skipped="0">
  <testcase classname="com.testNG.hybrid.automation.framework.testscripts.LoginTest" name="loginWithValidCredentials" time="2.748"/>
  <testcase classname="com.testNG.hybrid.automation.framework.testscripts.LoginTest" name="loginWithValidCredentialsUsingExcel" time="4.554"/>
  <testcase classname="com.testNG.hybrid.automation.framework.testscripts.LoginTest" name="invalidCredentials" time="1.988"/>
  <testcase classname="com.testNG.hybrid.automation.framework.testscripts.LoginTest" name="invalidCredentials" time="1.643"/>
  <testcase classname="com.testNG.hybrid.automation.framework.testscripts.LoginTest" name="invalidCredentials" time="2.030"/>
  <testcase classname="com.testNG.hybrid.automation.framework.testscripts.LoginTest" name="invalidCredentials" time="2.354"/>
  <testcase classname="com.testNG.hybrid.automation.framework.testscripts.LoginTest" name="invalidCredentials" time="2.440"/>
  <testcase classname="com.testNG.hybrid.automation.framework.testscripts.LoginTest" name="invalidCredentials" time="2.039"/>
  <testcase classname="com.testNG.hybrid.automation.framework.testscripts.LoginTest" name="invalidCredentials" time="1.843"/>
</testsuite> <!-- com.testNG.hybrid.automation.framework.testscripts.LoginTest -->
