<?xml version="1.0" encoding="UTF-8"?>
<!-- Generated by org.testng.reporters.JUnitReportReporter -->
<testsuite hostname="SaiNadh" failures="0" tests="1" name="com.testNG.hybrid.automation.framework.testscripts.InterviewTest" time="15.413" errors="0" timestamp="2026-01-05T19:19:30 IST" skipped="0">
  <testcase classname="com.testNG.hybrid.automation.framework.testscripts.InterviewTest" name="LoginTest" time="15.413"/>
</testsuite> <!-- com.testNG.hybrid.automation.framework.testscripts.InterviewTest -->
