<?xml version="1.0" encoding="UTF-8"?>
<!-- Generated by org.testng.reporters.JUnitReportReporter -->
<testsuite hostname="SaiNadh" failures="0" tests="1" name="com.testNG.hybrid.automation.framework.testscripts.StaleElementTest" time="6.770" errors="0" timestamp="2026-01-04T18:53:58 IST" skipped="0">
  <testcase classname="com.testNG.hybrid.automation.framework.testscripts.StaleElementTest" name="login" time="6.770"/>
</testsuite> <!-- com.testNG.hybrid.automation.framework.testscripts.StaleElementTest -->
