<?xml version="1.0" encoding="UTF-8"?>
<!-- Generated by org.testng.reporters.JUnitReportReporter -->
<testsuite hostname="SaiNadh" failures="0" tests="1" name="com.testNG.hybrid.automation.framework.testscripts.StaleElementTest" time="9.276" errors="0" timestamp="2026-01-05T19:19:30 IST" skipped="0">
  <testcase classname="com.testNG.hybrid.automation.framework.testscripts.StaleElementTest" name="login" time="9.276"/>
</testsuite> <!-- com.testNG.hybrid.automation.framework.testscripts.StaleElementTest -->
