<?xml version="1.0" encoding="UTF-8"?>
<!-- Generated by org.testng.reporters.JUnitReportReporter -->
<testsuite hostname="SaiNadh" failures="0" tests="1" name="com.testNG.hybrid.automation.framework.testscripts.InterviewTest" time="5.335" errors="0" timestamp="2026-01-04T18:53:58 IST" skipped="0">
  <testcase classname="com.testNG.hybrid.automation.framework.testscripts.InterviewTest" name="LoginTest" time="5.335"/>
</testsuite> <!-- com.testNG.hybrid.automation.framework.testscripts.InterviewTest -->
