<?xml version="1.0" encoding="UTF-8"?>
<!-- Generated by org.testng.reporters.JUnitReportReporter -->
<testsuite hostname="SaiNadh" failures="0" tests="16" name="com.testNG.hybrid.automation.framework.testscripts.LoginTest" time="60.840" errors="0" timestamp="2026-01-06T19:13:32 IST" skipped="0">
  <testcase classname="com.testNG.hybrid.automation.framework.testscripts.LoginTest" name="loginWithValidCredentials" time="3.487"/>
  <testcase classname="com.testNG.hybrid.automation.framework.testscripts.LoginTest" name="loginWithValidCredentialsUsingExcel" time="5.179"/>
  <testcase classname="com.testNG.hybrid.automation.framework.testscripts.LoginTest" name="validLoginWIthDataProvider" time="2.906"/>
  <testcase classname="com.testNG.hybrid.automation.framework.testscripts.LoginTest" name="validLoginWIthDataProvider" time="7.023"/>
  <testcase classname="com.testNG.hybrid.automation.framework.testscripts.LoginTest" name="validLoginWIthDataProvider" time="5.410"/>
  <testcase classname="com.testNG.hybrid.automation.framework.testscripts.LoginTest" name="validLoginWIthDataProvider" time="4.839"/>
  <testcase classname="com.testNG.hybrid.automation.framework.testscripts.LoginTest" name="validLoginWIthDataProvider" time="3.969"/>
  <testcase classname="com.testNG.hybrid.automation.framework.testscripts.LoginTest" name="validLoginWIthDataProvider" time="3.859"/>
  <testcase classname="com.testNG.hybrid.automation.framework.testscripts.LoginTest" name="validLoginWIthDataProvider" time="4.174"/>
  <testcase classname="com.testNG.hybrid.automation.framework.testscripts.LoginTest" name="invalidCredentials" time="2.892"/>
  <testcase classname="com.testNG.hybrid.automation.framework.testscripts.LoginTest" name="invalidCredentials" time="2.584"/>
  <testcase classname="com.testNG.hybrid.automation.framework.testscripts.LoginTest" name="invalidCredentials" time="3.083"/>
  <testcase classname="com.testNG.hybrid.automation.framework.testscripts.LoginTest" name="invalidCredentials" time="2.745"/>
  <testcase classname="com.testNG.hybrid.automation.framework.testscripts.LoginTest" name="invalidCredentials" time="2.433"/>
  <testcase classname="com.testNG.hybrid.automation.framework.testscripts.LoginTest" name="invalidCredentials" time="3.531"/>
  <testcase classname="com.testNG.hybrid.automation.framework.testscripts.LoginTest" name="invalidCredentials" time="2.726"/>
</testsuite> <!-- com.testNG.hybrid.automation.framework.testscripts.LoginTest -->
