<?xml version="1.0" encoding="UTF-8"?>
<!-- Generated by org.testng.reporters.JUnitReportReporter -->
<testsuite hostname="SaiNadh" failures="0" tests="5" name="com.testNG.hybrid.automation.framework.testscripts.RegisterTest" time="29.497" errors="0" timestamp="2026-01-09T18:40:12 IST" skipped="0">
  <testcase classname="com.testNG.hybrid.automation.framework.testscripts.RegisterTest" name="registration" time="7.467"/>
  <testcase classname="com.testNG.hybrid.automation.framework.testscripts.RegisterTest" name="registration" time="4.203"/>
  <testcase classname="com.testNG.hybrid.automation.framework.testscripts.RegisterTest" name="registration" time="3.304"/>
  <testcase classname="com.testNG.hybrid.automation.framework.testscripts.RegisterTest" name="registration" time="11.007"/>
  <testcase classname="com.testNG.hybrid.automation.framework.testscripts.RegisterTest" name="registration" time="3.516"/>
</testsuite> <!-- com.testNG.hybrid.automation.framework.testscripts.RegisterTest -->
